Using pre-set license
Built from '2021.3/staging' branch; Version is '2021.3.4f1 (cb45f9cae8b7) revision 13321721'; Using compiler version '192829333'; Build Type 'Release'
OS: 'Windows 11  (10.0.22621) 64bit Core' Language: 'ko' Physical Memory: 15741 MB
BatchMode: 1, IsHumanControllingUs: 0, StartBugReporterOnCrash: 0, Is64bit: 1, IsPro: 1

COMMAND LINE ARGUMENTS:
C:\Program Files\Unity\Hub\Editor\2021.3.4f1\Editor\Unity.exe
-adb2
-batchMode
-noUpm
-name
AssetImportWorker2
-projectPath
D:/UnityProject/Run-away-Friends
-logFile
Logs/AssetImportWorker2.log
-srvPort
54372
Successfully changed project path to: D:/UnityProject/Run-away-Friends
D:/UnityProject/Run-away-Friends
[UnityMemory] Configuration Parameters - Can be set up in boot.config
    "memorysetup-bucket-allocator-granularity=16"
    "memorysetup-bucket-allocator-bucket-count=8"
    "memorysetup-bucket-allocator-block-size=33554432"
    "memorysetup-bucket-allocator-block-count=8"
    "memorysetup-main-allocator-block-size=16777216"
    "memorysetup-thread-allocator-block-size=16777216"
    "memorysetup-gfx-main-allocator-block-size=16777216"
    "memorysetup-gfx-thread-allocator-block-size=16777216"
    "memorysetup-cache-allocator-block-size=4194304"
    "memorysetup-typetree-allocator-block-size=2097152"
    "memorysetup-profiler-bucket-allocator-granularity=16"
    "memorysetup-profiler-bucket-allocator-bucket-count=8"
    "memorysetup-profiler-bucket-allocator-block-size=33554432"
    "memorysetup-profiler-bucket-allocator-block-count=8"
    "memorysetup-profiler-allocator-block-size=16777216"
    "memorysetup-profiler-editor-allocator-block-size=1048576"
    "memorysetup-temp-allocator-size-main=16777216"
    "memorysetup-job-temp-allocator-block-size=2097152"
    "memorysetup-job-temp-allocator-block-size-background=1048576"
    "memorysetup-job-temp-allocator-reduction-small-platforms=262144"
    "memorysetup-temp-allocator-size-background-worker=32768"
    "memorysetup-temp-allocator-size-job-worker=262144"
    "memorysetup-temp-allocator-size-preload-manager=33554432"
    "memorysetup-temp-allocator-size-nav-mesh-worker=65536"
    "memorysetup-temp-allocator-size-audio-worker=65536"
    "memorysetup-temp-allocator-size-cloud-worker=32768"
    "memorysetup-temp-allocator-size-gi-baking-worker=262144"
    "memorysetup-temp-allocator-size-gfx=262144"
Refreshing native plugins compatible for Editor in 39.12 ms, found 2 plugins.
Preloading 0 native plugins for Editor in 0.00 ms.
Initialize engine version: 2021.3.4f1 (cb45f9cae8b7)
[Subsystems] Discovering subsystems at path C:/Program Files/Unity/Hub/Editor/2021.3.4f1/Editor/Data/Resources/UnitySubsystems
[Subsystems] Discovering subsystems at path D:/UnityProject/Run-away-Friends/Assets
GfxDevice: creating device client; threaded=0; jobified=0
Direct3D:
    Version:  Direct3D 11.0 [level 11.1]
    Renderer: NVIDIA GeForce GTX 1650 (ID=0x1f99)
    Vendor:   NVIDIA
    VRAM:     3962 MB
    Driver:   30.0.14.7219
Initialize mono
Mono path[0] = 'C:/Program Files/Unity/Hub/Editor/2021.3.4f1/Editor/Data/Managed'
Mono path[1] = 'C:/Program Files/Unity/Hub/Editor/2021.3.4f1/Editor/Data/MonoBleedingEdge/lib/mono/unityjit-win32'
Mono config path = 'C:/Program Files/Unity/Hub/Editor/2021.3.4f1/Editor/Data/MonoBleedingEdge/etc'
Using monoOptions --debugger-agent=transport=dt_socket,embedding=1,server=y,suspend=n,address=127.0.0.1:56256
Begin MonoManager ReloadAssembly
Registering precompiled unity dll's ...
Register platform support module: C:/Program Files/Unity/Hub/Editor/2021.3.4f1/Editor/Data/PlaybackEngines/AndroidPlayer/UnityEditor.Android.Extensions.dll
Register platform support module: C:/Program Files/Unity/Hub/Editor/2021.3.4f1/Editor/Data/PlaybackEngines/WindowsStandaloneSupport/UnityEditor.WindowsStandalone.Extensions.dll
Registered in 0.016259 seconds.
Native extension for WindowsStandalone target not found
Native extension for Android target not found
Refreshing native plugins compatible for Editor in 38.95 ms, found 2 plugins.
Preloading 0 native plugins for Editor in 0.00 ms.
Mono: successfully reloaded assembly
- Completed reload, in  0.669 seconds
Domain Reload Profiling:
	ReloadAssembly (670ms)
		BeginReloadAssembly (73ms)
			ExecutionOrderSort (0ms)
			DisableScriptedObjects (0ms)
			BackupInstance (0ms)
			ReleaseScriptingObjects (0ms)
			CreateAndSetChildDomain (1ms)
		EndReloadAssembly (470ms)
			LoadAssemblies (72ms)
			RebuildTransferFunctionScriptingTraits (0ms)
			SetupTypeCache (119ms)
			ReleaseScriptCaches (0ms)
			RebuildScriptCaches (32ms)
			SetupLoadedEditorAssemblies (264ms)
				LogAssemblyErrors (0ms)
				InitializePlatformSupportModulesInManaged (58ms)
				SetLoadedEditorAssemblies (0ms)
				RefreshPlugins (39ms)
				BeforeProcessingInitializeOnLoad (1ms)
				ProcessInitializeOnLoadAttributes (114ms)
				ProcessInitializeOnLoadMethodAttributes (51ms)
				AfterProcessingInitializeOnLoad (0ms)
				EditorAssembliesLoaded (0ms)
			ExecutionOrderSort2 (0ms)
			AwakeInstancesAfterBackupRestoration (0ms)
Platform modules already initialized, skipping
Registering precompiled user dll's ...
Registered in 0.004140 seconds.
An ADB process has shut down when we were accessing it, the following System.ArgumentException has been thrown: The specified path is not of a legal form (empty)..
Begin MonoManager ReloadAssembly
Native extension for WindowsStandalone target not found
Native extension for Android target not found
Refreshing native plugins compatible for Editor in 0.51 ms, found 2 plugins.
Preloading 0 native plugins for Editor in 0.00 ms.
Mono: successfully reloaded assembly
- Completed reload, in  1.014 seconds
Domain Reload Profiling:
	ReloadAssembly (1015ms)
		BeginReloadAssembly (128ms)
			ExecutionOrderSort (0ms)
			DisableScriptedObjects (5ms)
			BackupInstance (0ms)
			ReleaseScriptingObjects (0ms)
			CreateAndSetChildDomain (29ms)
		EndReloadAssembly (733ms)
			LoadAssemblies (82ms)
			RebuildTransferFunctionScriptingTraits (0ms)
			SetupTypeCache (212ms)
			ReleaseScriptCaches (1ms)
			RebuildScriptCaches (57ms)
			SetupLoadedEditorAssemblies (349ms)
				LogAssemblyErrors (0ms)
				InitializePlatformSupportModulesInManaged (19ms)
				SetLoadedEditorAssemblies (0ms)
				RefreshPlugins (1ms)
				BeforeProcessingInitializeOnLoad (58ms)
				ProcessInitializeOnLoadAttributes (218ms)
				ProcessInitializeOnLoadMethodAttributes (47ms)
				AfterProcessingInitializeOnLoad (6ms)
				EditorAssembliesLoaded (0ms)
			ExecutionOrderSort2 (0ms)
			AwakeInstancesAfterBackupRestoration (6ms)
Platform modules already initialized, skipping
========================================================================
Worker process is ready to serve import requests
Launched and connected shader compiler UnityShaderCompiler.exe after 0.07 seconds
Refreshing native plugins compatible for Editor in 0.97 ms, found 2 plugins.
Preloading 0 native plugins for Editor in 0.00 ms.
Unloading 1984 Unused Serialized files (Serialized files now loaded: 0)
Unloading 29 unused Assets / (55.8 KB). Loaded Objects now: 2477.
Memory consumption went from 95.8 MB to 95.7 MB.
Total: 5.206300 ms (FindLiveObjects: 0.472900 ms CreateObjectMapping: 0.195200 ms MarkObjects: 4.357700 ms  DeleteObjects: 0.176700 ms)

AssetImportParameters requested are different than current active one (requested -> active):
  custom:video-decoder-ogg-theora: a1e56fd34408186e4bbccfd4996cb3dc -> 
  custom:container-muxer-webm: aa71ff27fc2769a1b78a27578f13a17b -> 
  custom:container-demuxer-webm: 4f35f7cbe854078d1ac9338744f61a02 -> 
  custom:video-encoder-webm-vp8: eb34c28f22e8b96e1ab97ce403110664 -> 
  custom:video-codec-MediaFoundation-h265: 746d11721c4dcdbdad8f713fa42b33f4 -> 
  custom:audio-encoder-webm-vorbis: bf7c407c2cedff20999df2af8eb42d56 -> 
  custom:framework-win-MediaFoundation: 216162199b28c13a410421893ffa2e32 -> 
  custom:container-demuxer-ogg: 62fdf1f143b41e24485cea50d1cbac27 -> 
  custom:video-decoder-webm-vp8: 9c59270c3fd7afecdb556c50c9e8de78 -> 
  custom:audio-decoder-ogg-vorbis: bf7c407c2cedff20999df2af8eb42d56 -> 
========================================================================
Received Import Request.
  Time since last request: 209324.101901 seconds.
  path: Assets/Run away Item/item_3.png
  artifactKey: Guid(ed74cea920b14e04f863dca0a39f3af1) Importer(815301076,1909f56bfc062723c751e8b465ee728b)
Start importing Assets/Run away Item/item_3.png using Guid(ed74cea920b14e04f863dca0a39f3af1) Importer(815301076,1909f56bfc062723c751e8b465ee728b)  -> (artifact id: 'f3a6a6a277b3de46a4dd3dfca33e2ebf') in 0.123540 seconds 
========================================================================
Received Import Request.
  Time since last request: 0.000026 seconds.
  path: Assets/Material/Monster Material.mat
  artifactKey: Guid(99803c38ba560374db71434f4fcd0772) Importer(815301076,1909f56bfc062723c751e8b465ee728b)
Start importing Assets/Material/Monster Material.mat using Guid(99803c38ba560374db71434f4fcd0772) Importer(815301076,1909f56bfc062723c751e8b465ee728b)  -> (artifact id: 'fccec38276bccd3611fea9e173f57afe') in 0.203236 seconds 
========================================================================
Received Import Request.
  Time since last request: 0.172165 seconds.
  path: Assets/Low Poly Toon Chests/Flare.flare
  artifactKey: Guid(2319970aeb25f3a4fa244b829d771a3c) Importer(815301076,1909f56bfc062723c751e8b465ee728b)
Start importing Assets/Low Poly Toon Chests/Flare.flare using Guid(2319970aeb25f3a4fa244b829d771a3c) Importer(815301076,1909f56bfc062723c751e8b465ee728b)  -> (artifact id: '0c4650639528c51c39c646ebd66dde6b') in 0.013545 seconds 
========================================================================
Received Import Request.
  Time since last request: 1.960975 seconds.
  path: Assets/CubeSprite/Box.png
  artifactKey: Guid(6c7534c17fa737043a0adcf35478190f) Importer(815301076,1909f56bfc062723c751e8b465ee728b)
Start importing Assets/CubeSprite/Box.png using Guid(6c7534c17fa737043a0adcf35478190f) Importer(815301076,1909f56bfc062723c751e8b465ee728b)  -> (artifact id: 'b717322986ad2fec088f0b102af39d46') in 0.051858 seconds 
========================================================================
Received Import Request.
  Time since last request: 0.000036 seconds.
  path: Assets/CubeSprite/sprite_21.png
  artifactKey: Guid(041cafc4e1cfd3a409254cc1448dc122) Importer(815301076,1909f56bfc062723c751e8b465ee728b)
Start importing Assets/CubeSprite/sprite_21.png using Guid(041cafc4e1cfd3a409254cc1448dc122) Importer(815301076,1909f56bfc062723c751e8b465ee728b)  -> (artifact id: '40172f5fa9a7513329ca6117a6836374') in 0.019832 seconds 
========================================================================
Received Import Request.
  Time since last request: 0.000038 seconds.
  path: Assets/CubeSprite/sprite_05.png
  artifactKey: Guid(98f865d306852114b81b4094805643a1) Importer(815301076,1909f56bfc062723c751e8b465ee728b)
Start importing Assets/CubeSprite/sprite_05.png using Guid(98f865d306852114b81b4094805643a1) Importer(815301076,1909f56bfc062723c751e8b465ee728b)  -> (artifact id: 'e7cf7c41592e8d73a275f73f2499ec9d') in 0.021975 seconds 
========================================================================
Received Import Request.
  Time since last request: 0.000047 seconds.
  path: Assets/CubeSprite/sprite_27.png
  artifactKey: Guid(ef8fdd8acc5094c4e8a9bd81bc75dcd2) Importer(815301076,1909f56bfc062723c751e8b465ee728b)
Start importing Assets/CubeSprite/sprite_27.png using Guid(ef8fdd8acc5094c4e8a9bd81bc75dcd2) Importer(815301076,1909f56bfc062723c751e8b465ee728b)  -> (artifact id: '0c726f59555e8feb984b745d9565f9c2') in 0.021764 seconds 
========================================================================
Received Import Request.
  Time since last request: 0.000032 seconds.
  path: Assets/CubeSprite/sprite_13.png
  artifactKey: Guid(4fd6fc8d20225b84bb0b43f377ac1aa8) Importer(815301076,1909f56bfc062723c751e8b465ee728b)
Start importing Assets/CubeSprite/sprite_13.png using Guid(4fd6fc8d20225b84bb0b43f377ac1aa8) Importer(815301076,1909f56bfc062723c751e8b465ee728b)  -> (artifact id: '38a094a9eaba061353c09993a22f4545') in 0.021474 seconds 
========================================================================
Received Import Request.
  Time since last request: 0.000054 seconds.
  path: Assets/CubeSprite/sprite_03.png
  artifactKey: Guid(b9a617725be7ae744ad709b4c1fd58d8) Importer(815301076,1909f56bfc062723c751e8b465ee728b)
Start importing Assets/CubeSprite/sprite_03.png using Guid(b9a617725be7ae744ad709b4c1fd58d8) Importer(815301076,1909f56bfc062723c751e8b465ee728b)  -> (artifact id: 'c518da16d164bfd97e316b1bd7b1f5ca') in 0.020717 seconds 
========================================================================
Received Import Request.
  Time since last request: 0.000040 seconds.
  path: Assets/CubeSprite/sprite_10.png
  artifactKey: Guid(7d50cc182cd61514888cf04da6ebc465) Importer(815301076,1909f56bfc062723c751e8b465ee728b)
Start importing Assets/CubeSprite/sprite_10.png using Guid(7d50cc182cd61514888cf04da6ebc465) Importer(815301076,1909f56bfc062723c751e8b465ee728b)  -> (artifact id: '87a1d4471adf5735651cdae5cb577410') in 0.025879 seconds 
========================================================================
Received Import Request.
  Time since last request: 0.000065 seconds.
  path: Assets/CubeSprite/sprite_08.png
  artifactKey: Guid(873e81b87776feb4392790465a773ad6) Importer(815301076,1909f56bfc062723c751e8b465ee728b)
Start importing Assets/CubeSprite/sprite_08.png using Guid(873e81b87776feb4392790465a773ad6) Importer(815301076,1909f56bfc062723c751e8b465ee728b)  -> (artifact id: '3f99d1a1e51e42556730681af1973e49') in 0.021327 seconds 
========================================================================
Received Import Request.
  Time since last request: 0.000039 seconds.
  path: Assets/CubeSprite/sprite_28.png
  artifactKey: Guid(49c92b07ccb19f94c9a7aafde634344b) Importer(815301076,1909f56bfc062723c751e8b465ee728b)
Start importing Assets/CubeSprite/sprite_28.png using Guid(49c92b07ccb19f94c9a7aafde634344b) Importer(815301076,1909f56bfc062723c751e8b465ee728b)  -> (artifact id: 'dbd987f460900d8027cbe3515758f8b1') in 0.021979 seconds 
========================================================================
Received Import Request.
  Time since last request: 0.000045 seconds.
  path: Assets/CubeSprite/sprite_11.png
  artifactKey: Guid(a384eb5d992c59549893a1ff68c327fd) Importer(815301076,1909f56bfc062723c751e8b465ee728b)
Start importing Assets/CubeSprite/sprite_11.png using Guid(a384eb5d992c59549893a1ff68c327fd) Importer(815301076,1909f56bfc062723c751e8b465ee728b)  -> (artifact id: 'b21eb5e03a1fafb6aa3ad34ab6390c0e') in 0.019706 seconds 
========================================================================
Received Import Request.
  Time since last request: 0.000049 seconds.
  path: Assets/CubeSprite/sprite_20.png
  artifactKey: Guid(8fba8736dee963740a1ae64aec6e1031) Importer(815301076,1909f56bfc062723c751e8b465ee728b)
Start importing Assets/CubeSprite/sprite_20.png using Guid(8fba8736dee963740a1ae64aec6e1031) Importer(815301076,1909f56bfc062723c751e8b465ee728b)  -> (artifact id: 'a5a62f6599170c9595d7bf185516df67') in 0.018306 seconds 
========================================================================
Received Import Request.
  Time since last request: 0.000046 seconds.
  path: Assets/CubeSprite/sprite_26.png
  artifactKey: Guid(f1ff7896426df1345a3dd13c5669fd1e) Importer(815301076,1909f56bfc062723c751e8b465ee728b)
Start importing Assets/CubeSprite/sprite_26.png using Guid(f1ff7896426df1345a3dd13c5669fd1e) Importer(815301076,1909f56bfc062723c751e8b465ee728b)  -> (artifact id: '4b08621cd9b6f3346e1dfb04e60fb42e') in 0.018546 seconds 
========================================================================
Received Import Request.
  Time since last request: 0.000030 seconds.
  path: Assets/CubeSprite/sprite_25.png
  artifactKey: Guid(db6483c586560344a8462628c92bac3f) Importer(815301076,1909f56bfc062723c751e8b465ee728b)
Start importing Assets/CubeSprite/sprite_25.png using Guid(db6483c586560344a8462628c92bac3f) Importer(815301076,1909f56bfc062723c751e8b465ee728b)  -> (artifact id: '02de40d87d58e1010816c4cfa05f3442') in 0.022789 seconds 
========================================================================
Received Import Request.
  Time since last request: 0.000043 seconds.
  path: Assets/CubeSprite/sprite_18.png
  artifactKey: Guid(f78a2703c4129af448865b1b3abe7dd9) Importer(815301076,1909f56bfc062723c751e8b465ee728b)
Start importing Assets/CubeSprite/sprite_18.png using Guid(f78a2703c4129af448865b1b3abe7dd9) Importer(815301076,1909f56bfc062723c751e8b465ee728b)  -> (artifact id: '9c6d30290581ccc4660367c574433d2e') in 0.020342 seconds 
========================================================================
Received Import Request.
  Time since last request: 16.761534 seconds.
  path: Assets/Object/bush.prefab
  artifactKey: Guid(a9d1e8aa6cfebce4db616ec58e8d911f) Importer(815301076,1909f56bfc062723c751e8b465ee728b)
Start importing Assets/Object/bush.prefab using Guid(a9d1e8aa6cfebce4db616ec58e8d911f) Importer(815301076,1909f56bfc062723c751e8b465ee728b)  -> (artifact id: 'd409db3a33a5e0880f986818258bdc02') in 0.041971 seconds 
========================================================================
Received Import Request.
  Time since last request: 0.000038 seconds.
  path: Assets/Object/Flor.prefab
  artifactKey: Guid(3e419cc371ac6e3499d35c8e7f5df97d) Importer(815301076,1909f56bfc062723c751e8b465ee728b)
Start importing Assets/Object/Flor.prefab using Guid(3e419cc371ac6e3499d35c8e7f5df97d) Importer(815301076,1909f56bfc062723c751e8b465ee728b)  -> (artifact id: 'edae8d5596f821c928fe743a73716f42') in 0.025013 seconds 
========================================================================
Received Import Request.
  Time since last request: 0.000041 seconds.
  path: Assets/Object/New Material.mat
  artifactKey: Guid(e1449d3dfd3dbe346bbe04bfefaed070) Importer(815301076,1909f56bfc062723c751e8b465ee728b)
Start importing Assets/Object/New Material.mat using Guid(e1449d3dfd3dbe346bbe04bfefaed070) Importer(815301076,1909f56bfc062723c751e8b465ee728b)  -> (artifact id: 'b6f878907a8b289f3a6628b5f8b4bc9b') in 0.031343 seconds 
========================================================================
Received Import Request.
  Time since last request: 0.000051 seconds.
  path: Assets/Object/New Material 1.mat
  artifactKey: Guid(5c537ce1bee10ad40a17b4e1054a52ec) Importer(815301076,1909f56bfc062723c751e8b465ee728b)
Start importing Assets/Object/New Material 1.mat using Guid(5c537ce1bee10ad40a17b4e1054a52ec) Importer(815301076,1909f56bfc062723c751e8b465ee728b)  -> (artifact id: '96ea34d3261f04da95d26fcc9ed9589f') in 0.024680 seconds 
========================================================================
Received Import Request.
  Time since last request: 2.902172 seconds.
  path: Assets/Resources/HP_Bar.prefab
  artifactKey: Guid(16d98e34a1604354b98d126222eb4937) Importer(815301076,1909f56bfc062723c751e8b465ee728b)
Start importing Assets/Resources/HP_Bar.prefab using Guid(16d98e34a1604354b98d126222eb4937) Importer(815301076,1909f56bfc062723c751e8b465ee728b)  -> (artifact id: '51b5cba2e5ef832a1339c202db5bb57a') in 0.025760 seconds 
========================================================================
Received Import Request.
  Time since last request: 0.059115 seconds.
  path: Assets/Resources/Profile_Image.prefab
  artifactKey: Guid(63e9dcaf5027afd409660d51c76ff221) Importer(815301076,1909f56bfc062723c751e8b465ee728b)
Start importing Assets/Resources/Profile_Image.prefab using Guid(63e9dcaf5027afd409660d51c76ff221) Importer(815301076,1909f56bfc062723c751e8b465ee728b)  -> (artifact id: '2a6a2e9f042997e7fe33c264d4e8a2ee') in 0.013736 seconds 
========================================================================
Received Import Request.
  Time since last request: 0.000035 seconds.
  path: Assets/Resources/Spider Web.prefab
  artifactKey: Guid(bab229381975a824bb41b8369690e259) Importer(815301076,1909f56bfc062723c751e8b465ee728b)
Start importing Assets/Resources/Spider Web.prefab using Guid(bab229381975a824bb41b8369690e259) Importer(815301076,1909f56bfc062723c751e8b465ee728b)  -> (artifact id: '75efb3b4431da26a07ca32403b56c17d') in 0.022491 seconds 
========================================================================
Received Import Request.
  Time since last request: 4.126529 seconds.
  path: Assets/Resources/Player.prefab
  artifactKey: Guid(ecdb02064836b9f4ba847717352464ae) Importer(815301076,1909f56bfc062723c751e8b465ee728b)
Start importing Assets/Resources/Player.prefab using Guid(ecdb02064836b9f4ba847717352464ae) Importer(815301076,1909f56bfc062723c751e8b465ee728b)  -> (artifact id: 'd78da506425a4bbd72b815d7a4737a11') in 0.027532 seconds 
========================================================================
Received Import Request.
  Time since last request: 22.813655 seconds.
  path: Assets/Prefabs/Player.prefab
  artifactKey: Guid(ecdb02064836b9f4ba847717352464ae) Importer(815301076,1909f56bfc062723c751e8b465ee728b)
Start importing Assets/Prefabs/Player.prefab using Guid(ecdb02064836b9f4ba847717352464ae) Importer(815301076,1909f56bfc062723c751e8b465ee728b)  -> (artifact id: '3cbd5293fbe0470b2580d3a17fc3498c') in 0.017595 seconds 
========================================================================
Received Import Request.
  Time since last request: 6.059246 seconds.
  path: Assets/Prefabs/Player.prefab
  artifactKey: Guid(ecdb02064836b9f4ba847717352464ae) Importer(815301076,1909f56bfc062723c751e8b465ee728b)
Start importing Assets/Prefabs/Player.prefab using Guid(ecdb02064836b9f4ba847717352464ae) Importer(815301076,1909f56bfc062723c751e8b465ee728b)  -> (artifact id: 'fd30b7523fe7e35642ca4269179af2c4') in 0.014075 seconds 
========================================================================
Received Import Request.
  Time since last request: 3.019181 seconds.
  path: Assets/Prefabs/Player.prefab
  artifactKey: Guid(ecdb02064836b9f4ba847717352464ae) Importer(815301076,1909f56bfc062723c751e8b465ee728b)
Start importing Assets/Prefabs/Player.prefab using Guid(ecdb02064836b9f4ba847717352464ae) Importer(815301076,1909f56bfc062723c751e8b465ee728b)  -> (artifact id: '0a9bb27c200b7e3a131b0b1f7a5ed1d6') in 0.014442 seconds 
========================================================================
Received Import Request.
  Time since last request: 4.454587 seconds.
  path: Assets/Prefabs/Player.prefab
  artifactKey: Guid(ecdb02064836b9f4ba847717352464ae) Importer(815301076,1909f56bfc062723c751e8b465ee728b)
Start importing Assets/Prefabs/Player.prefab using Guid(ecdb02064836b9f4ba847717352464ae) Importer(815301076,1909f56bfc062723c751e8b465ee728b)  -> (artifact id: '3640be406960a10139133a831d73bfc1') in 0.013864 seconds 
========================================================================
Received Import Request.
  Time since last request: 7.878107 seconds.
  path: Assets/Prefabs/Player.prefab
  artifactKey: Guid(ecdb02064836b9f4ba847717352464ae) Importer(815301076,1909f56bfc062723c751e8b465ee728b)
Start importing Assets/Prefabs/Player.prefab using Guid(ecdb02064836b9f4ba847717352464ae) Importer(815301076,1909f56bfc062723c751e8b465ee728b)  -> (artifact id: 'e6c8710286b6cafc538f00148102933c') in 0.017122 seconds 
========================================================================
Received Import Request.
  Time since last request: 10.717316 seconds.
  path: Assets/Prefabs/Player.prefab
  artifactKey: Guid(ecdb02064836b9f4ba847717352464ae) Importer(815301076,1909f56bfc062723c751e8b465ee728b)
Start importing Assets/Prefabs/Player.prefab using Guid(ecdb02064836b9f4ba847717352464ae) Importer(815301076,1909f56bfc062723c751e8b465ee728b)  -> (artifact id: '5f51595de0eac5609d74485e8c7ebb79') in 0.013664 seconds 
========================================================================
Received Import Request.
  Time since last request: 5.323987 seconds.
  path: Assets/Prefabs/Player.prefab
  artifactKey: Guid(ecdb02064836b9f4ba847717352464ae) Importer(815301076,1909f56bfc062723c751e8b465ee728b)
Start importing Assets/Prefabs/Player.prefab using Guid(ecdb02064836b9f4ba847717352464ae) Importer(815301076,1909f56bfc062723c751e8b465ee728b)  -> (artifact id: '834f43a521d5ea7d2a173755b1766458') in 0.016937 seconds 
========================================================================
Received Import Request.
  Time since last request: 22.431756 seconds.
  path: Assets/Prefabs/Player.prefab
  artifactKey: Guid(ecdb02064836b9f4ba847717352464ae) Importer(815301076,1909f56bfc062723c751e8b465ee728b)
Start importing Assets/Prefabs/Player.prefab using Guid(ecdb02064836b9f4ba847717352464ae) Importer(815301076,1909f56bfc062723c751e8b465ee728b)  -> (artifact id: '4b86efe1f15166fcf8768b8e4273c500') in 0.013338 seconds 
========================================================================
Received Import Request.
  Time since last request: 0.408844 seconds.
  path: Assets/Prefabs/Player.prefab
  artifactKey: Guid(ecdb02064836b9f4ba847717352464ae) Importer(815301076,1909f56bfc062723c751e8b465ee728b)
Start importing Assets/Prefabs/Player.prefab using Guid(ecdb02064836b9f4ba847717352464ae) Importer(815301076,1909f56bfc062723c751e8b465ee728b)  -> (artifact id: 'ae113632dbd38a18b629bc27761a74a7') in 0.018592 seconds 
========================================================================
Received Import Request.
  Time since last request: 0.000036 seconds.
  path: Assets/Prefabs/Stun Trap.prefab
  artifactKey: Guid(69ad90d58d0362542a9633abe526ba19) Importer(815301076,1909f56bfc062723c751e8b465ee728b)
Start importing Assets/Prefabs/Stun Trap.prefab using Guid(69ad90d58d0362542a9633abe526ba19) Importer(815301076,1909f56bfc062723c751e8b465ee728b)  -> (artifact id: '4df53596d640b72afead22a80cd3925b') in 0.019692 seconds 
========================================================================
Received Prepare
Registering precompiled user dll's ...
Registered in 0.002472 seconds.
Begin MonoManager ReloadAssembly
Native extension for WindowsStandalone target not found
Native extension for Android target not found
Refreshing native plugins compatible for Editor in 0.70 ms, found 2 plugins.
Preloading 0 native plugins for Editor in 0.00 ms.
Mono: successfully reloaded assembly
- Completed reload, in  0.986 seconds
Domain Reload Profiling:
	ReloadAssembly (986ms)
		BeginReloadAssembly (131ms)
			ExecutionOrderSort (0ms)
			DisableScriptedObjects (8ms)
			BackupInstance (0ms)
			ReleaseScriptingObjects (0ms)
			CreateAndSetChildDomain (34ms)
		EndReloadAssembly (745ms)
			LoadAssemblies (75ms)
			RebuildTransferFunctionScriptingTraits (0ms)
			SetupTypeCache (207ms)
			ReleaseScriptCaches (1ms)
			RebuildScriptCaches (44ms)
			SetupLoadedEditorAssemblies (363ms)
				LogAssemblyErrors (0ms)
				InitializePlatformSupportModulesInManaged (30ms)
				SetLoadedEditorAssemblies (1ms)
				RefreshPlugins (1ms)
				BeforeProcessingInitializeOnLoad (50ms)
				ProcessInitializeOnLoadAttributes (229ms)
				ProcessInitializeOnLoadMethodAttributes (45ms)
				AfterProcessingInitializeOnLoad (7ms)
				EditorAssembliesLoaded (0ms)
			ExecutionOrderSort2 (0ms)
			AwakeInstancesAfterBackupRestoration (7ms)
Platform modules already initialized, skipping
Refreshing native plugins compatible for Editor in 3.03 ms, found 2 plugins.
Preloading 0 native plugins for Editor in 0.00 ms.
Unloading 1977 Unused Serialized files (Serialized files now loaded: 0)
Unloading 17 unused Assets / (24.6 KB). Loaded Objects now: 2531.
Memory consumption went from 99.9 MB to 99.9 MB.
Total: 6.159900 ms (FindLiveObjects: 0.470000 ms CreateObjectMapping: 0.154400 ms MarkObjects: 5.494400 ms  DeleteObjects: 0.037700 ms)

AssetImportParameters requested are different than current active one (requested -> active):
  custom:video-decoder-ogg-theora: a1e56fd34408186e4bbccfd4996cb3dc -> 
  custom:container-muxer-webm: aa71ff27fc2769a1b78a27578f13a17b -> 
  custom:container-demuxer-webm: 4f35f7cbe854078d1ac9338744f61a02 -> 
  custom:video-encoder-webm-vp8: eb34c28f22e8b96e1ab97ce403110664 -> 
  custom:video-codec-MediaFoundation-h265: 746d11721c4dcdbdad8f713fa42b33f4 -> 
  custom:audio-encoder-webm-vorbis: bf7c407c2cedff20999df2af8eb42d56 -> 
  custom:framework-win-MediaFoundation: 216162199b28c13a410421893ffa2e32 -> 
  custom:container-demuxer-ogg: 62fdf1f143b41e24485cea50d1cbac27 -> 
  custom:video-decoder-webm-vp8: 9c59270c3fd7afecdb556c50c9e8de78 -> 
  custom:audio-decoder-ogg-vorbis: bf7c407c2cedff20999df2af8eb42d56 -> 
========================================================================
Received Import Request.
  Time since last request: 19.089573 seconds.
  path: Assets/Prefabs/Player.prefab
  artifactKey: Guid(ecdb02064836b9f4ba847717352464ae) Importer(815301076,1909f56bfc062723c751e8b465ee728b)
Start importing Assets/Prefabs/Player.prefab using Guid(ecdb02064836b9f4ba847717352464ae) Importer(815301076,1909f56bfc062723c751e8b465ee728b)  -> (artifact id: '72c496b4f1b81b4829d2db78fd898458') in 0.077414 seconds 
========================================================================
Received Prepare
Registering precompiled user dll's ...
Registered in 0.003268 seconds.
Begin MonoManager ReloadAssembly
Native extension for WindowsStandalone target not found
Native extension for Android target not found
Refreshing native plugins compatible for Editor in 0.57 ms, found 2 plugins.
Preloading 0 native plugins for Editor in 0.00 ms.
Mono: successfully reloaded assembly
- Completed reload, in  0.949 seconds
Domain Reload Profiling:
	ReloadAssembly (950ms)
		BeginReloadAssembly (141ms)
			ExecutionOrderSort (0ms)
			DisableScriptedObjects (7ms)
			BackupInstance (0ms)
			ReleaseScriptingObjects (0ms)
			CreateAndSetChildDomain (40ms)
		EndReloadAssembly (703ms)
			LoadAssemblies (89ms)
			RebuildTransferFunctionScriptingTraits (0ms)
			SetupTypeCache (203ms)
			ReleaseScriptCaches (1ms)
			RebuildScriptCaches (48ms)
			SetupLoadedEditorAssemblies (320ms)
				LogAssemblyErrors (0ms)
				InitializePlatformSupportModulesInManaged (24ms)
				SetLoadedEditorAssemblies (0ms)
				RefreshPlugins (1ms)
				BeforeProcessingInitializeOnLoad (49ms)
				ProcessInitializeOnLoadAttributes (207ms)
				ProcessInitializeOnLoadMethodAttributes (32ms)
				AfterProcessingInitializeOnLoad (6ms)
				EditorAssembliesLoaded (0ms)
			ExecutionOrderSort2 (0ms)
			AwakeInstancesAfterBackupRestoration (6ms)
Platform modules already initialized, skipping
Refreshing native plugins compatible for Editor in 2.33 ms, found 2 plugins.
Preloading 0 native plugins for Editor in 0.00 ms.
Unloading 1977 Unused Serialized files (Serialized files now loaded: 0)
Unloading 17 unused Assets / (24.6 KB). Loaded Objects now: 2535.
Memory consumption went from 99.9 MB to 99.9 MB.
Total: 6.742700 ms (FindLiveObjects: 0.341000 ms CreateObjectMapping: 0.081900 ms MarkObjects: 6.272900 ms  DeleteObjects: 0.045100 ms)

AssetImportParameters requested are different than current active one (requested -> active):
  custom:video-decoder-ogg-theora: a1e56fd34408186e4bbccfd4996cb3dc -> 
  custom:container-muxer-webm: aa71ff27fc2769a1b78a27578f13a17b -> 
  custom:container-demuxer-webm: 4f35f7cbe854078d1ac9338744f61a02 -> 
  custom:video-encoder-webm-vp8: eb34c28f22e8b96e1ab97ce403110664 -> 
  custom:video-codec-MediaFoundation-h265: 746d11721c4dcdbdad8f713fa42b33f4 -> 
  custom:audio-encoder-webm-vorbis: bf7c407c2cedff20999df2af8eb42d56 -> 
  custom:framework-win-MediaFoundation: 216162199b28c13a410421893ffa2e32 -> 
  custom:container-demuxer-ogg: 62fdf1f143b41e24485cea50d1cbac27 -> 
  custom:video-decoder-webm-vp8: 9c59270c3fd7afecdb556c50c9e8de78 -> 
  custom:audio-decoder-ogg-vorbis: bf7c407c2cedff20999df2af8eb42d56 -> 
========================================================================
Received Prepare
Registering precompiled user dll's ...
Registered in 0.002365 seconds.
Begin MonoManager ReloadAssembly
Native extension for WindowsStandalone target not found
Native extension for Android target not found
Refreshing native plugins compatible for Editor in 0.56 ms, found 2 plugins.
Preloading 0 native plugins for Editor in 0.00 ms.
Mono: successfully reloaded assembly
- Completed reload, in  0.929 seconds
Domain Reload Profiling:
	ReloadAssembly (930ms)
		BeginReloadAssembly (126ms)
			ExecutionOrderSort (0ms)
			DisableScriptedObjects (6ms)
			BackupInstance (0ms)
			ReleaseScriptingObjects (0ms)
			CreateAndSetChildDomain (36ms)
		EndReloadAssembly (694ms)
			LoadAssemblies (74ms)
			RebuildTransferFunctionScriptingTraits (0ms)
			SetupTypeCache (203ms)
			ReleaseScriptCaches (1ms)
			RebuildScriptCaches (40ms)
			SetupLoadedEditorAssemblies (332ms)
				LogAssemblyErrors (0ms)
				InitializePlatformSupportModulesInManaged (22ms)
				SetLoadedEditorAssemblies (1ms)
				RefreshPlugins (1ms)
				BeforeProcessingInitializeOnLoad (53ms)
				ProcessInitializeOnLoadAttributes (207ms)
				ProcessInitializeOnLoadMethodAttributes (43ms)
				AfterProcessingInitializeOnLoad (6ms)
				EditorAssembliesLoaded (0ms)
			ExecutionOrderSort2 (0ms)
			AwakeInstancesAfterBackupRestoration (6ms)
Platform modules already initialized, skipping
Refreshing native plugins compatible for Editor in 2.50 ms, found 2 plugins.
Preloading 0 native plugins for Editor in 0.00 ms.
Unloading 1977 Unused Serialized files (Serialized files now loaded: 0)
Unloading 17 unused Assets / (24.6 KB). Loaded Objects now: 2539.
Memory consumption went from 99.9 MB to 99.9 MB.
Total: 4.478500 ms (FindLiveObjects: 0.262300 ms CreateObjectMapping: 0.062600 ms MarkObjects: 4.119300 ms  DeleteObjects: 0.032100 ms)

AssetImportParameters requested are different than current active one (requested -> active):
  custom:video-decoder-ogg-theora: a1e56fd34408186e4bbccfd4996cb3dc -> 
  custom:container-muxer-webm: aa71ff27fc2769a1b78a27578f13a17b -> 
  custom:container-demuxer-webm: 4f35f7cbe854078d1ac9338744f61a02 -> 
  custom:video-encoder-webm-vp8: eb34c28f22e8b96e1ab97ce403110664 -> 
  custom:video-codec-MediaFoundation-h265: 746d11721c4dcdbdad8f713fa42b33f4 -> 
  custom:audio-encoder-webm-vorbis: bf7c407c2cedff20999df2af8eb42d56 -> 
  custom:framework-win-MediaFoundation: 216162199b28c13a410421893ffa2e32 -> 
  custom:container-demuxer-ogg: 62fdf1f143b41e24485cea50d1cbac27 -> 
  custom:video-decoder-webm-vp8: 9c59270c3fd7afecdb556c50c9e8de78 -> 
  custom:audio-decoder-ogg-vorbis: bf7c407c2cedff20999df2af8eb42d56 -> 
========================================================================
Received Prepare
Registering precompiled user dll's ...
Registered in 0.004236 seconds.
Begin MonoManager ReloadAssembly
Native extension for WindowsStandalone target not found
Native extension for Android target not found
Refreshing native plugins compatible for Editor in 0.78 ms, found 2 plugins.
Preloading 0 native plugins for Editor in 0.00 ms.
Mono: successfully reloaded assembly
- Completed reload, in  0.992 seconds
Domain Reload Profiling:
	ReloadAssembly (993ms)
		BeginReloadAssembly (135ms)
			ExecutionOrderSort (0ms)
			DisableScriptedObjects (7ms)
			BackupInstance (0ms)
			ReleaseScriptingObjects (0ms)
			CreateAndSetChildDomain (43ms)
		EndReloadAssembly (753ms)
			LoadAssemblies (77ms)
			RebuildTransferFunctionScriptingTraits (0ms)
			SetupTypeCache (218ms)
			ReleaseScriptCaches (1ms)
			RebuildScriptCaches (45ms)
			SetupLoadedEditorAssemblies (364ms)
				LogAssemblyErrors (0ms)
				InitializePlatformSupportModulesInManaged (26ms)
				SetLoadedEditorAssemblies (1ms)
				RefreshPlugins (1ms)
				BeforeProcessingInitializeOnLoad (48ms)
				ProcessInitializeOnLoadAttributes (241ms)
				ProcessInitializeOnLoadMethodAttributes (41ms)
				AfterProcessingInitializeOnLoad (6ms)
				EditorAssembliesLoaded (0ms)
			ExecutionOrderSort2 (0ms)
			AwakeInstancesAfterBackupRestoration (6ms)
Platform modules already initialized, skipping
Refreshing native plugins compatible for Editor in 1.68 ms, found 2 plugins.
Preloading 0 native plugins for Editor in 0.00 ms.
Unloading 1977 Unused Serialized files (Serialized files now loaded: 0)
Unloading 17 unused Assets / (24.6 KB). Loaded Objects now: 2543.
Memory consumption went from 99.9 MB to 99.9 MB.
Total: 5.115700 ms (FindLiveObjects: 0.295000 ms CreateObjectMapping: 0.050400 ms MarkObjects: 4.737400 ms  DeleteObjects: 0.030200 ms)

AssetImportParameters requested are different than current active one (requested -> active):
  custom:video-decoder-ogg-theora: a1e56fd34408186e4bbccfd4996cb3dc -> 
  custom:container-muxer-webm: aa71ff27fc2769a1b78a27578f13a17b -> 
  custom:container-demuxer-webm: 4f35f7cbe854078d1ac9338744f61a02 -> 
  custom:video-encoder-webm-vp8: eb34c28f22e8b96e1ab97ce403110664 -> 
  custom:video-codec-MediaFoundation-h265: 746d11721c4dcdbdad8f713fa42b33f4 -> 
  custom:audio-encoder-webm-vorbis: bf7c407c2cedff20999df2af8eb42d56 -> 
  custom:framework-win-MediaFoundation: 216162199b28c13a410421893ffa2e32 -> 
  custom:container-demuxer-ogg: 62fdf1f143b41e24485cea50d1cbac27 -> 
  custom:video-decoder-webm-vp8: 9c59270c3fd7afecdb556c50c9e8de78 -> 
  custom:audio-decoder-ogg-vorbis: bf7c407c2cedff20999df2af8eb42d56 -> 
========================================================================
Received Import Request.
  Time since last request: 697.302356 seconds.
  path: Assets/Prefabs/Player.prefab
  artifactKey: Guid(ecdb02064836b9f4ba847717352464ae) Importer(815301076,1909f56bfc062723c751e8b465ee728b)
Start importing Assets/Prefabs/Player.prefab using Guid(ecdb02064836b9f4ba847717352464ae) Importer(815301076,1909f56bfc062723c751e8b465ee728b)  -> (artifact id: '9eb2a3189f5a10d43724662dcf063773') in 0.071919 seconds 
========================================================================
Received Prepare
Registering precompiled user dll's ...
Registered in 0.002608 seconds.
Begin MonoManager ReloadAssembly
Native extension for WindowsStandalone target not found
Native extension for Android target not found
Refreshing native plugins compatible for Editor in 0.58 ms, found 2 plugins.
Preloading 0 native plugins for Editor in 0.00 ms.
Mono: successfully reloaded assembly
- Completed reload, in  0.944 seconds
Domain Reload Profiling:
	ReloadAssembly (944ms)
		BeginReloadAssembly (130ms)
			ExecutionOrderSort (0ms)
			DisableScriptedObjects (7ms)
			BackupInstance (0ms)
			ReleaseScriptingObjects (0ms)
			CreateAndSetChildDomain (37ms)
		EndReloadAssembly (714ms)
			LoadAssemblies (81ms)
			RebuildTransferFunctionScriptingTraits (0ms)
			SetupTypeCache (212ms)
			ReleaseScriptCaches (1ms)
			RebuildScriptCaches (41ms)
			SetupLoadedEditorAssemblies (341ms)
				LogAssemblyErrors (0ms)
				InitializePlatformSupportModulesInManaged (20ms)
				SetLoadedEditorAssemblies (0ms)
				RefreshPlugins (1ms)
				BeforeProcessingInitializeOnLoad (47ms)
				ProcessInitializeOnLoadAttributes (223ms)
				ProcessInitializeOnLoadMethodAttributes (43ms)
				AfterProcessingInitializeOnLoad (6ms)
				EditorAssembliesLoaded (0ms)
			ExecutionOrderSort2 (0ms)
			AwakeInstancesAfterBackupRestoration (7ms)
Platform modules already initialized, skipping
Refreshing native plugins compatible for Editor in 2.80 ms, found 2 plugins.
Preloading 0 native plugins for Editor in 0.00 ms.
Unloading 1977 Unused Serialized files (Serialized files now loaded: 0)
Unloading 17 unused Assets / (24.7 KB). Loaded Objects now: 2547.
Memory consumption went from 99.8 MB to 99.8 MB.
Total: 7.010300 ms (FindLiveObjects: 0.428300 ms CreateObjectMapping: 0.159600 ms MarkObjects: 6.364500 ms  DeleteObjects: 0.055000 ms)

AssetImportParameters requested are different than current active one (requested -> active):
  custom:video-decoder-ogg-theora: a1e56fd34408186e4bbccfd4996cb3dc -> 
  custom:container-muxer-webm: aa71ff27fc2769a1b78a27578f13a17b -> 
  custom:container-demuxer-webm: 4f35f7cbe854078d1ac9338744f61a02 -> 
  custom:video-encoder-webm-vp8: eb34c28f22e8b96e1ab97ce403110664 -> 
  custom:video-codec-MediaFoundation-h265: 746d11721c4dcdbdad8f713fa42b33f4 -> 
  custom:audio-encoder-webm-vorbis: bf7c407c2cedff20999df2af8eb42d56 -> 
  custom:framework-win-MediaFoundation: 216162199b28c13a410421893ffa2e32 -> 
  custom:container-demuxer-ogg: 62fdf1f143b41e24485cea50d1cbac27 -> 
  custom:video-decoder-webm-vp8: 9c59270c3fd7afecdb556c50c9e8de78 -> 
  custom:audio-decoder-ogg-vorbis: bf7c407c2cedff20999df2af8eb42d56 -> 
========================================================================
Received Prepare
Registering precompiled user dll's ...
Registered in 0.003616 seconds.
Begin MonoManager ReloadAssembly
Native extension for WindowsStandalone target not found
Native extension for Android target not found
Refreshing native plugins compatible for Editor in 0.78 ms, found 2 plugins.
Preloading 0 native plugins for Editor in 0.00 ms.
Mono: successfully reloaded assembly
- Completed reload, in  0.926 seconds
Domain Reload Profiling:
	ReloadAssembly (927ms)
		BeginReloadAssembly (133ms)
			ExecutionOrderSort (0ms)
			DisableScriptedObjects (7ms)
			BackupInstance (0ms)
			ReleaseScriptingObjects (0ms)
			CreateAndSetChildDomain (35ms)
		EndReloadAssembly (694ms)
			LoadAssemblies (81ms)
			RebuildTransferFunctionScriptingTraits (0ms)
			SetupTypeCache (194ms)
			ReleaseScriptCaches (1ms)
			RebuildScriptCaches (43ms)
			SetupLoadedEditorAssemblies (337ms)
				LogAssemblyErrors (0ms)
				InitializePlatformSupportModulesInManaged (24ms)
				SetLoadedEditorAssemblies (1ms)
				RefreshPlugins (1ms)
				BeforeProcessingInitializeOnLoad (55ms)
				ProcessInitializeOnLoadAttributes (208ms)
				ProcessInitializeOnLoadMethodAttributes (38ms)
				AfterProcessingInitializeOnLoad (10ms)
				EditorAssembliesLoaded (0ms)
			ExecutionOrderSort2 (0ms)
			AwakeInstancesAfterBackupRestoration (7ms)
Platform modules already initialized, skipping
Refreshing native plugins compatible for Editor in 2.44 ms, found 2 plugins.
Preloading 0 native plugins for Editor in 0.00 ms.
Unloading 1977 Unused Serialized files (Serialized files now loaded: 0)
Unloading 17 unused Assets / (24.7 KB). Loaded Objects now: 2551.
Memory consumption went from 99.9 MB to 99.9 MB.
Total: 6.582500 ms (FindLiveObjects: 0.474100 ms CreateObjectMapping: 0.124900 ms MarkObjects: 5.934700 ms  DeleteObjects: 0.045500 ms)

AssetImportParameters requested are different than current active one (requested -> active):
  custom:video-decoder-ogg-theora: a1e56fd34408186e4bbccfd4996cb3dc -> 
  custom:container-muxer-webm: aa71ff27fc2769a1b78a27578f13a17b -> 
  custom:container-demuxer-webm: 4f35f7cbe854078d1ac9338744f61a02 -> 
  custom:video-encoder-webm-vp8: eb34c28f22e8b96e1ab97ce403110664 -> 
  custom:video-codec-MediaFoundation-h265: 746d11721c4dcdbdad8f713fa42b33f4 -> 
  custom:audio-encoder-webm-vorbis: bf7c407c2cedff20999df2af8eb42d56 -> 
  custom:framework-win-MediaFoundation: 216162199b28c13a410421893ffa2e32 -> 
  custom:container-demuxer-ogg: 62fdf1f143b41e24485cea50d1cbac27 -> 
  custom:video-decoder-webm-vp8: 9c59270c3fd7afecdb556c50c9e8de78 -> 
  custom:audio-decoder-ogg-vorbis: bf7c407c2cedff20999df2af8eb42d56 -> 
========================================================================
Received Import Request.
  Time since last request: 145.104618 seconds.
  path: Assets/Resources/Rope.prefab
  artifactKey: Guid(c6151ac4f3f40b94aa40fb187e318c10) Importer(815301076,1909f56bfc062723c751e8b465ee728b)
Start importing Assets/Resources/Rope.prefab using Guid(c6151ac4f3f40b94aa40fb187e318c10) Importer(815301076,1909f56bfc062723c751e8b465ee728b)  -> (artifact id: '7b6684634cafd5a6e4d863911942bf76') in 0.080549 seconds 
========================================================================
Received Prepare
Registering precompiled user dll's ...
Registered in 0.002538 seconds.
Begin MonoManager ReloadAssembly
Native extension for WindowsStandalone target not found
Native extension for Android target not found
Refreshing native plugins compatible for Editor in 1.43 ms, found 2 plugins.
Preloading 0 native plugins for Editor in 0.00 ms.
Mono: successfully reloaded assembly
- Completed reload, in  1.039 seconds
Domain Reload Profiling:
	ReloadAssembly (1040ms)
		BeginReloadAssembly (128ms)
			ExecutionOrderSort (0ms)
			DisableScriptedObjects (6ms)
			BackupInstance (0ms)
			ReleaseScriptingObjects (0ms)
			CreateAndSetChildDomain (38ms)
		EndReloadAssembly (808ms)
			LoadAssemblies (78ms)
			RebuildTransferFunctionScriptingTraits (0ms)
			SetupTypeCache (203ms)
			ReleaseScriptCaches (1ms)
			RebuildScriptCaches (50ms)
			SetupLoadedEditorAssemblies (404ms)
				LogAssemblyErrors (0ms)
				InitializePlatformSupportModulesInManaged (29ms)
				SetLoadedEditorAssemblies (0ms)
				RefreshPlugins (2ms)
				BeforeProcessingInitializeOnLoad (61ms)
				ProcessInitializeOnLoadAttributes (258ms)
				ProcessInitializeOnLoadMethodAttributes (45ms)
				AfterProcessingInitializeOnLoad (8ms)
				EditorAssembliesLoaded (0ms)
			ExecutionOrderSort2 (0ms)
			AwakeInstancesAfterBackupRestoration (12ms)
Platform modules already initialized, skipping
Refreshing native plugins compatible for Editor in 3.37 ms, found 2 plugins.
Preloading 0 native plugins for Editor in 0.00 ms.
Unloading 1977 Unused Serialized files (Serialized files now loaded: 0)
Unloading 17 unused Assets / (24.6 KB). Loaded Objects now: 2555.
Memory consumption went from 99.9 MB to 99.9 MB.
Total: 7.176300 ms (FindLiveObjects: 0.574400 ms CreateObjectMapping: 0.111400 ms MarkObjects: 6.426700 ms  DeleteObjects: 0.059800 ms)

AssetImportParameters requested are different than current active one (requested -> active):
  custom:video-decoder-ogg-theora: a1e56fd34408186e4bbccfd4996cb3dc -> 
  custom:container-muxer-webm: aa71ff27fc2769a1b78a27578f13a17b -> 
  custom:container-demuxer-webm: 4f35f7cbe854078d1ac9338744f61a02 -> 
  custom:video-encoder-webm-vp8: eb34c28f22e8b96e1ab97ce403110664 -> 
  custom:video-codec-MediaFoundation-h265: 746d11721c4dcdbdad8f713fa42b33f4 -> 
  custom:audio-encoder-webm-vorbis: bf7c407c2cedff20999df2af8eb42d56 -> 
  custom:framework-win-MediaFoundation: 216162199b28c13a410421893ffa2e32 -> 
  custom:container-demuxer-ogg: 62fdf1f143b41e24485cea50d1cbac27 -> 
  custom:video-decoder-webm-vp8: 9c59270c3fd7afecdb556c50c9e8de78 -> 
  custom:audio-decoder-ogg-vorbis: bf7c407c2cedff20999df2af8eb42d56 -> 
