Using pre-set license
Built from '2021.3/staging' branch; Version is '2021.3.4f1 (cb45f9cae8b7) revision 13321721'; Using compiler version '192829333'; Build Type 'Release'
OS: 'Windows 11  (10.0.22621) 64bit Core' Language: 'ko' Physical Memory: 15741 MB
BatchMode: 1, IsHumanControllingUs: 0, StartBugReporterOnCrash: 0, Is64bit: 1, IsPro: 1

COMMAND LINE ARGUMENTS:
C:\Program Files\Unity\Hub\Editor\2021.3.4f1\Editor\Unity.exe
-adb2
-batchMode
-noUpm
-name
AssetImportWorker0
-projectPath
D:/UnityProject/Run-away-Friends
-logFile
Logs/AssetImportWorker0.log
-srvPort
54372
Successfully changed project path to: D:/UnityProject/Run-away-Friends
D:/UnityProject/Run-away-Friends
[UnityMemory] Configuration Parameters - Can be set up in boot.config
    "memorysetup-bucket-allocator-granularity=16"
    "memorysetup-bucket-allocator-bucket-count=8"
    "memorysetup-bucket-allocator-block-size=33554432"
    "memorysetup-bucket-allocator-block-count=8"
    "memorysetup-main-allocator-block-size=16777216"
    "memorysetup-thread-allocator-block-size=16777216"
    "memorysetup-gfx-main-allocator-block-size=16777216"
    "memorysetup-gfx-thread-allocator-block-size=16777216"
    "memorysetup-cache-allocator-block-size=4194304"
    "memorysetup-typetree-allocator-block-size=2097152"
    "memorysetup-profiler-bucket-allocator-granularity=16"
    "memorysetup-profiler-bucket-allocator-bucket-count=8"
    "memorysetup-profiler-bucket-allocator-block-size=33554432"
    "memorysetup-profiler-bucket-allocator-block-count=8"
    "memorysetup-profiler-allocator-block-size=16777216"
    "memorysetup-profiler-editor-allocator-block-size=1048576"
    "memorysetup-temp-allocator-size-main=16777216"
    "memorysetup-job-temp-allocator-block-size=2097152"
    "memorysetup-job-temp-allocator-block-size-background=1048576"
    "memorysetup-job-temp-allocator-reduction-small-platforms=262144"
    "memorysetup-temp-allocator-size-background-worker=32768"
    "memorysetup-temp-allocator-size-job-worker=262144"
    "memorysetup-temp-allocator-size-preload-manager=33554432"
    "memorysetup-temp-allocator-size-nav-mesh-worker=65536"
    "memorysetup-temp-allocator-size-audio-worker=65536"
    "memorysetup-temp-allocator-size-cloud-worker=32768"
    "memorysetup-temp-allocator-size-gi-baking-worker=262144"
    "memorysetup-temp-allocator-size-gfx=262144"
Refreshing native plugins compatible for Editor in 42.58 ms, found 2 plugins.
Preloading 0 native plugins for Editor in 0.00 ms.
Initialize engine version: 2021.3.4f1 (cb45f9cae8b7)
[Subsystems] Discovering subsystems at path C:/Program Files/Unity/Hub/Editor/2021.3.4f1/Editor/Data/Resources/UnitySubsystems
[Subsystems] Discovering subsystems at path D:/UnityProject/Run-away-Friends/Assets
GfxDevice: creating device client; threaded=0; jobified=0
Direct3D:
    Version:  Direct3D 11.0 [level 11.1]
    Renderer: NVIDIA GeForce GTX 1650 (ID=0x1f99)
    Vendor:   NVIDIA
    VRAM:     3962 MB
    Driver:   30.0.14.7219
Initialize mono
Mono path[0] = 'C:/Program Files/Unity/Hub/Editor/2021.3.4f1/Editor/Data/Managed'
Mono path[1] = 'C:/Program Files/Unity/Hub/Editor/2021.3.4f1/Editor/Data/MonoBleedingEdge/lib/mono/unityjit-win32'
Mono config path = 'C:/Program Files/Unity/Hub/Editor/2021.3.4f1/Editor/Data/MonoBleedingEdge/etc'
Using monoOptions --debugger-agent=transport=dt_socket,embedding=1,server=y,suspend=n,address=127.0.0.1:56912
Begin MonoManager ReloadAssembly
Registering precompiled unity dll's ...
Register platform support module: C:/Program Files/Unity/Hub/Editor/2021.3.4f1/Editor/Data/PlaybackEngines/AndroidPlayer/UnityEditor.Android.Extensions.dll
Register platform support module: C:/Program Files/Unity/Hub/Editor/2021.3.4f1/Editor/Data/PlaybackEngines/WindowsStandaloneSupport/UnityEditor.WindowsStandalone.Extensions.dll
Registered in 0.004612 seconds.
Native extension for WindowsStandalone target not found
Native extension for Android target not found
Refreshing native plugins compatible for Editor in 40.44 ms, found 2 plugins.
Preloading 0 native plugins for Editor in 0.00 ms.
Mono: successfully reloaded assembly
- Completed reload, in  0.673 seconds
Domain Reload Profiling:
	ReloadAssembly (673ms)
		BeginReloadAssembly (89ms)
			ExecutionOrderSort (0ms)
			DisableScriptedObjects (0ms)
			BackupInstance (0ms)
			ReleaseScriptingObjects (0ms)
			CreateAndSetChildDomain (1ms)
		EndReloadAssembly (472ms)
			LoadAssemblies (87ms)
			RebuildTransferFunctionScriptingTraits (0ms)
			SetupTypeCache (124ms)
			ReleaseScriptCaches (0ms)
			RebuildScriptCaches (32ms)
			SetupLoadedEditorAssemblies (257ms)
				LogAssemblyErrors (0ms)
				InitializePlatformSupportModulesInManaged (56ms)
				SetLoadedEditorAssemblies (0ms)
				RefreshPlugins (41ms)
				BeforeProcessingInitializeOnLoad (1ms)
				ProcessInitializeOnLoadAttributes (106ms)
				ProcessInitializeOnLoadMethodAttributes (53ms)
				AfterProcessingInitializeOnLoad (0ms)
				EditorAssembliesLoaded (0ms)
			ExecutionOrderSort2 (0ms)
			AwakeInstancesAfterBackupRestoration (0ms)
Platform modules already initialized, skipping
Registering precompiled user dll's ...
Registered in 0.002797 seconds.
An ADB process has shut down when we were accessing it, the following System.ArgumentException has been thrown: The specified path is not of a legal form (empty)..
Begin MonoManager ReloadAssembly
Native extension for WindowsStandalone target not found
Native extension for Android target not found
Refreshing native plugins compatible for Editor in 0.61 ms, found 2 plugins.
Preloading 0 native plugins for Editor in 0.00 ms.
Mono: successfully reloaded assembly
- Completed reload, in  1.016 seconds
Domain Reload Profiling:
	ReloadAssembly (1017ms)
		BeginReloadAssembly (131ms)
			ExecutionOrderSort (0ms)
			DisableScriptedObjects (7ms)
			BackupInstance (0ms)
			ReleaseScriptingObjects (0ms)
			CreateAndSetChildDomain (24ms)
		EndReloadAssembly (738ms)
			LoadAssemblies (88ms)
			RebuildTransferFunctionScriptingTraits (0ms)
			SetupTypeCache (207ms)
			ReleaseScriptCaches (1ms)
			RebuildScriptCaches (61ms)
			SetupLoadedEditorAssemblies (343ms)
				LogAssemblyErrors (0ms)
				InitializePlatformSupportModulesInManaged (15ms)
				SetLoadedEditorAssemblies (0ms)
				RefreshPlugins (1ms)
				BeforeProcessingInitializeOnLoad (58ms)
				ProcessInitializeOnLoadAttributes (216ms)
				ProcessInitializeOnLoadMethodAttributes (45ms)
				AfterProcessingInitializeOnLoad (8ms)
				EditorAssembliesLoaded (0ms)
			ExecutionOrderSort2 (0ms)
			AwakeInstancesAfterBackupRestoration (9ms)
Platform modules already initialized, skipping
========================================================================
Worker process is ready to serve import requests
Launched and connected shader compiler UnityShaderCompiler.exe after 0.06 seconds
Refreshing native plugins compatible for Editor in 1.28 ms, found 2 plugins.
Preloading 0 native plugins for Editor in 0.00 ms.
Unloading 1984 Unused Serialized files (Serialized files now loaded: 0)
Unloading 29 unused Assets / (55.8 KB). Loaded Objects now: 2477.
Memory consumption went from 95.8 MB to 95.7 MB.
Total: 8.411700 ms (FindLiveObjects: 0.427600 ms CreateObjectMapping: 0.097600 ms MarkObjects: 7.619400 ms  DeleteObjects: 0.263500 ms)

AssetImportParameters requested are different than current active one (requested -> active):
  custom:video-decoder-ogg-theora: a1e56fd34408186e4bbccfd4996cb3dc -> 
  custom:container-muxer-webm: aa71ff27fc2769a1b78a27578f13a17b -> 
  custom:container-demuxer-webm: 4f35f7cbe854078d1ac9338744f61a02 -> 
  custom:video-encoder-webm-vp8: eb34c28f22e8b96e1ab97ce403110664 -> 
  custom:video-codec-MediaFoundation-h265: 746d11721c4dcdbdad8f713fa42b33f4 -> 
  custom:audio-encoder-webm-vorbis: bf7c407c2cedff20999df2af8eb42d56 -> 
  custom:framework-win-MediaFoundation: 216162199b28c13a410421893ffa2e32 -> 
  custom:container-demuxer-ogg: 62fdf1f143b41e24485cea50d1cbac27 -> 
  custom:video-decoder-webm-vp8: 9c59270c3fd7afecdb556c50c9e8de78 -> 
  custom:audio-decoder-ogg-vorbis: bf7c407c2cedff20999df2af8eb42d56 -> 
========================================================================
Received Import Request.
  Time since last request: 209323.977494 seconds.
  path: Assets/Run away Item/item_0.png
  artifactKey: Guid(7b7ca7935daa6984fbfc11404a379d59) Importer(815301076,1909f56bfc062723c751e8b465ee728b)
Start importing Assets/Run away Item/item_0.png using Guid(7b7ca7935daa6984fbfc11404a379d59) Importer(815301076,1909f56bfc062723c751e8b465ee728b)  -> (artifact id: '93540ed33fb3f116b28d55a90997db16') in 0.150323 seconds 
========================================================================
Received Import Request.
  Time since last request: 0.000028 seconds.
  path: Assets/Run away Item/item_4.png
  artifactKey: Guid(72706587184421f4f8349b757fa7f3eb) Importer(815301076,1909f56bfc062723c751e8b465ee728b)
Start importing Assets/Run away Item/item_4.png using Guid(72706587184421f4f8349b757fa7f3eb) Importer(815301076,1909f56bfc062723c751e8b465ee728b)  -> (artifact id: '560894340d432012635ee1a5a7cd10de') in 0.020474 seconds 
========================================================================
Received Import Request.
  Time since last request: 0.000028 seconds.
  path: Assets/Material/New Material 1.mat
  artifactKey: Guid(c2f01156de7f2f943b32e3ee841b3e5b) Importer(815301076,1909f56bfc062723c751e8b465ee728b)
Start importing Assets/Material/New Material 1.mat using Guid(c2f01156de7f2f943b32e3ee841b3e5b) Importer(815301076,1909f56bfc062723c751e8b465ee728b)  -> (artifact id: '42157683465d1256495d3ffbbc530e58') in 0.194811 seconds 
========================================================================
Received Import Request.
  Time since last request: 0.000060 seconds.
  path: Assets/Material/New Material 2.mat
  artifactKey: Guid(0e1c81aef1569e048a770a43de92657d) Importer(815301076,1909f56bfc062723c751e8b465ee728b)
Start importing Assets/Material/New Material 2.mat using Guid(0e1c81aef1569e048a770a43de92657d) Importer(815301076,1909f56bfc062723c751e8b465ee728b)  -> (artifact id: 'b4965502e2c9c17243a59cc6fb0f84ed') in 0.025391 seconds 
========================================================================
Received Import Request.
  Time since last request: 0.000054 seconds.
  path: Assets/Run away Item/item_1.png
  artifactKey: Guid(3377126f3bc3569499c518ff9d2f718c) Importer(815301076,1909f56bfc062723c751e8b465ee728b)
Start importing Assets/Run away Item/item_1.png using Guid(3377126f3bc3569499c518ff9d2f718c) Importer(815301076,1909f56bfc062723c751e8b465ee728b)  -> (artifact id: 'db9139a5da66e80a184cf8f995d869b9') in 0.022881 seconds 
========================================================================
Received Import Request.
  Time since last request: 2.170036 seconds.
  path: Assets/CubeSprite/New Material 1.mat
  artifactKey: Guid(b84ef5b27b90ffa4682bb00112a6c81a) Importer(815301076,1909f56bfc062723c751e8b465ee728b)
Start importing Assets/CubeSprite/New Material 1.mat using Guid(b84ef5b27b90ffa4682bb00112a6c81a) Importer(815301076,1909f56bfc062723c751e8b465ee728b)  -> (artifact id: 'ab5695e21b638fd061ec02ce8984d7a0') in 0.020990 seconds 
========================================================================
Received Import Request.
  Time since last request: 0.000053 seconds.
  path: Assets/CubeSprite/sprite_02.png
  artifactKey: Guid(6d8d3dcb53e9f5b43bf9f89a938588ab) Importer(815301076,1909f56bfc062723c751e8b465ee728b)
Start importing Assets/CubeSprite/sprite_02.png using Guid(6d8d3dcb53e9f5b43bf9f89a938588ab) Importer(815301076,1909f56bfc062723c751e8b465ee728b)  -> (artifact id: '91b34bc75a8809c42ccc34d7a537fa93') in 0.019103 seconds 
========================================================================
Received Import Request.
  Time since last request: 0.000031 seconds.
  path: Assets/CubeSprite/sprite_17.png
  artifactKey: Guid(a8b7533d2bac2094abae5bf6e582499f) Importer(815301076,1909f56bfc062723c751e8b465ee728b)
Start importing Assets/CubeSprite/sprite_17.png using Guid(a8b7533d2bac2094abae5bf6e582499f) Importer(815301076,1909f56bfc062723c751e8b465ee728b)  -> (artifact id: '2d417179f385ad4619a4e6d062f2a606') in 0.017998 seconds 
========================================================================
Received Import Request.
  Time since last request: 0.000046 seconds.
  path: Assets/CubeSprite/sprite_01.png
  artifactKey: Guid(99eb79bf8b84edc47a37f6bc3cfef7f7) Importer(815301076,1909f56bfc062723c751e8b465ee728b)
Start importing Assets/CubeSprite/sprite_01.png using Guid(99eb79bf8b84edc47a37f6bc3cfef7f7) Importer(815301076,1909f56bfc062723c751e8b465ee728b)  -> (artifact id: '25793003b4ae7efea40b07082a165ca7') in 0.021872 seconds 
========================================================================
Received Import Request.
  Time since last request: 0.000105 seconds.
  path: Assets/CubeSprite/sprite_00.png
  artifactKey: Guid(4ffebe04078788c41953732e64d7c729) Importer(815301076,1909f56bfc062723c751e8b465ee728b)
Start importing Assets/CubeSprite/sprite_00.png using Guid(4ffebe04078788c41953732e64d7c729) Importer(815301076,1909f56bfc062723c751e8b465ee728b)  -> (artifact id: '3c7ac6ac349bae68ccdc4a54bc1f9bf0') in 0.022408 seconds 
========================================================================
Received Import Request.
  Time since last request: 0.000043 seconds.
  path: Assets/CubeSprite/sprite_09.png
  artifactKey: Guid(e5e54d6497b522042a3e83c36a392f4a) Importer(815301076,1909f56bfc062723c751e8b465ee728b)
Start importing Assets/CubeSprite/sprite_09.png using Guid(e5e54d6497b522042a3e83c36a392f4a) Importer(815301076,1909f56bfc062723c751e8b465ee728b)  -> (artifact id: '0a97c6b4014f4c4c6445fb3aa7c1a4ea') in 0.022612 seconds 
========================================================================
Received Import Request.
  Time since last request: 0.000042 seconds.
  path: Assets/CubeSprite/sprite_32.png
  artifactKey: Guid(9541811d655c18e4b8e1f41d6321d434) Importer(815301076,1909f56bfc062723c751e8b465ee728b)
Start importing Assets/CubeSprite/sprite_32.png using Guid(9541811d655c18e4b8e1f41d6321d434) Importer(815301076,1909f56bfc062723c751e8b465ee728b)  -> (artifact id: '57c42f8680652187bc6d44fe6f15d6c6') in 0.026572 seconds 
========================================================================
Received Import Request.
  Time since last request: 0.000070 seconds.
  path: Assets/CubeSprite/sprite_12.png
  artifactKey: Guid(864d34ce0e641bb4b905544e989e5946) Importer(815301076,1909f56bfc062723c751e8b465ee728b)
Start importing Assets/CubeSprite/sprite_12.png using Guid(864d34ce0e641bb4b905544e989e5946) Importer(815301076,1909f56bfc062723c751e8b465ee728b)  -> (artifact id: '741802e2d28ee4ad38f0eee0368666c3') in 0.020875 seconds 
========================================================================
Received Import Request.
  Time since last request: 0.000036 seconds.
  path: Assets/CubeSprite/sprite_19.png
  artifactKey: Guid(d37f9633d6aaccf4180be9ad8ac16ec7) Importer(815301076,1909f56bfc062723c751e8b465ee728b)
Start importing Assets/CubeSprite/sprite_19.png using Guid(d37f9633d6aaccf4180be9ad8ac16ec7) Importer(815301076,1909f56bfc062723c751e8b465ee728b)  -> (artifact id: 'eaf6d6f99d54cb0a72fe8406a40f7543') in 0.022017 seconds 
========================================================================
Received Import Request.
  Time since last request: 0.000033 seconds.
  path: Assets/CubeSprite/sprite_34.png
  artifactKey: Guid(0faf79ab1b69b6644ad7e011fc1154c7) Importer(815301076,1909f56bfc062723c751e8b465ee728b)
Start importing Assets/CubeSprite/sprite_34.png using Guid(0faf79ab1b69b6644ad7e011fc1154c7) Importer(815301076,1909f56bfc062723c751e8b465ee728b)  -> (artifact id: '7b803c2697e278017e05d30165afa920') in 0.020530 seconds 
========================================================================
Received Import Request.
  Time since last request: 0.000087 seconds.
  path: Assets/CubeSprite/sprite_29.png
  artifactKey: Guid(9193af50570a3ad4d89a81dedf14cb4d) Importer(815301076,1909f56bfc062723c751e8b465ee728b)
Start importing Assets/CubeSprite/sprite_29.png using Guid(9193af50570a3ad4d89a81dedf14cb4d) Importer(815301076,1909f56bfc062723c751e8b465ee728b)  -> (artifact id: '6a7dc64ef3120e705e3dffb01274ced0') in 0.020387 seconds 
========================================================================
Received Import Request.
  Time since last request: 0.000069 seconds.
  path: Assets/CubeSprite/New Material 3.mat
  artifactKey: Guid(e4909a1555e1af945b50199884061097) Importer(815301076,1909f56bfc062723c751e8b465ee728b)
Start importing Assets/CubeSprite/New Material 3.mat using Guid(e4909a1555e1af945b50199884061097) Importer(815301076,1909f56bfc062723c751e8b465ee728b)  -> (artifact id: '4f8296886b230d9b3b0562560b677698') in 0.023882 seconds 
========================================================================
Received Import Request.
  Time since last request: 0.000034 seconds.
  path: Assets/CubeSprite/sprite_15.png
  artifactKey: Guid(47ca0102dc6255c448e8360ed9bcabf3) Importer(815301076,1909f56bfc062723c751e8b465ee728b)
Start importing Assets/CubeSprite/sprite_15.png using Guid(47ca0102dc6255c448e8360ed9bcabf3) Importer(815301076,1909f56bfc062723c751e8b465ee728b)  -> (artifact id: '4fb0238cc73945b397d1b11ad1bf73b5') in 0.025667 seconds 
========================================================================
Received Import Request.
  Time since last request: 0.000044 seconds.
  path: Assets/CubeSprite/sprite_16.png
  artifactKey: Guid(9e6d2afeaa030b54c8966263698f9b25) Importer(815301076,1909f56bfc062723c751e8b465ee728b)
Start importing Assets/CubeSprite/sprite_16.png using Guid(9e6d2afeaa030b54c8966263698f9b25) Importer(815301076,1909f56bfc062723c751e8b465ee728b)  -> (artifact id: '38296939bb40e82c2dc26c2c36cca0eb') in 0.023140 seconds 
========================================================================
Received Import Request.
  Time since last request: 0.000058 seconds.
  path: Assets/CubeSprite/sprite_24.png
  artifactKey: Guid(e70bf8bbf23f47242ba741d379bdc0c8) Importer(815301076,1909f56bfc062723c751e8b465ee728b)
Start importing Assets/CubeSprite/sprite_24.png using Guid(e70bf8bbf23f47242ba741d379bdc0c8) Importer(815301076,1909f56bfc062723c751e8b465ee728b)  -> (artifact id: '189342ccb750bf00b6e052c9cb133857') in 0.019361 seconds 
========================================================================
Received Import Request.
  Time since last request: 16.748608 seconds.
  path: Assets/Object/Flor (1).prefab
  artifactKey: Guid(0e975df73112efc4fb5a0769fa28e73f) Importer(815301076,1909f56bfc062723c751e8b465ee728b)
Start importing Assets/Object/Flor (1).prefab using Guid(0e975df73112efc4fb5a0769fa28e73f) Importer(815301076,1909f56bfc062723c751e8b465ee728b)  -> (artifact id: '5a60ede11d496ce9a8c85fb7928d4494') in 0.044996 seconds 
========================================================================
Received Import Request.
  Time since last request: 0.000029 seconds.
  path: Assets/Object/New Material 2.mat
  artifactKey: Guid(b8acda43249bc0d4084dd33955d96581) Importer(815301076,1909f56bfc062723c751e8b465ee728b)
Start importing Assets/Object/New Material 2.mat using Guid(b8acda43249bc0d4084dd33955d96581) Importer(815301076,1909f56bfc062723c751e8b465ee728b)  -> (artifact id: '49401477d489f23b9795a4be0d853d6f') in 0.021891 seconds 
========================================================================
Received Import Request.
  Time since last request: 0.000052 seconds.
  path: Assets/Object/Magic_Chest Variant.prefab
  artifactKey: Guid(9dbaaad627dae3d43b9f9769da363eba) Importer(815301076,1909f56bfc062723c751e8b465ee728b)
Start importing Assets/Object/Magic_Chest Variant.prefab using Guid(9dbaaad627dae3d43b9f9769da363eba) Importer(815301076,1909f56bfc062723c751e8b465ee728b)  -> (artifact id: 'fa6a567771194d778fba9481951d896d') in 0.058692 seconds 
========================================================================
Received Import Request.
  Time since last request: 2.906657 seconds.
  path: Assets/Resources/ItemImage.prefab
  artifactKey: Guid(9d0a6002d056ffb44ac9b1742b327ac7) Importer(815301076,1909f56bfc062723c751e8b465ee728b)
Start importing Assets/Resources/ItemImage.prefab using Guid(9d0a6002d056ffb44ac9b1742b327ac7) Importer(815301076,1909f56bfc062723c751e8b465ee728b)  -> (artifact id: 'aac14ac4af5cf168e0759c327321baa8') in 0.036315 seconds 
========================================================================
Received Import Request.
  Time since last request: 0.055827 seconds.
  path: Assets/Resources/SP Capsule.prefab
  artifactKey: Guid(533b90c6a2ea3584ca3c6d0a8b1946f3) Importer(815301076,1909f56bfc062723c751e8b465ee728b)
Start importing Assets/Resources/SP Capsule.prefab using Guid(533b90c6a2ea3584ca3c6d0a8b1946f3) Importer(815301076,1909f56bfc062723c751e8b465ee728b)  -> (artifact id: '8dbfd7afb0ef4da0527c35381d867bd2') in 0.022146 seconds 
Editor requested this worker to shutdown with reason: Scaling down because of idle timeout
AssetImportWorker is now disconnected from the server
Process exiting
Exiting without the bug reporter. Application will terminate with return code 0